Arguments: 
  C:\Program Files\nodejs\node.exe C:\Program Files (x86)\Yarn\bin\yarn.js add yup

PATH: 
  C:\Program Files\Git\mingw64\bin;C:\Program Files\Git\usr\bin;C:\Users\Alexandre\bin;C:\Python38\Scripts;C:\Python38;C:\Python27;C:\Python27\Scripts;C:\Program Files (x86)\Common Files\Oracle\Java\javapath;C:\WINDOWS\system32;C:\WINDOWS;C:\WINDOWS\System32\Wbem;C:\WINDOWS\System32\WindowsPowerShell\v1.0;C:\WINDOWS\System32\OpenSSH;C:\Program Files\PuTTY;C:\wamp64\bin\php\php7.3.12;C:\ProgramData\ComposerSetup\bin;C:\ProgramData\chocolatey\bin;C:\Program Files (x86)\Yarn\bin;C:\Program Files\Amazon\AWSCLIV2;C:\Program Files\Git\cmd;C:\Program Files\nodejs;C:\Program Files\Docker\Docker\resources\bin;C:\ProgramData\DockerDesktop\version-bin;C:\Users\Alexandre\AppData\Local\atom\bin;C:\Users\Alexandre\AppData\Local\Microsoft\WindowsApps;C:\Users\Alexandre\AppData\Local\Programs\Microsoft VS Code\bin;C:\Users\Alexandre\AppData\Roaming\Composer\vendor\bin;C:\Users\Alexandre\AppData\Local\Yarn\bin;C:\Users\Alexandre\AppData\Roaming\npm

Yarn version: 
  1.22.4

Node version: 
  12.18.3

Platform: 
  win32 x64

Trace: 
  Error: EPERM: operation not permitted, unlink 'C:\wamp64\www\Monetiz\Dashboard\node_modules\node-sass\vendor\win32-x64-72\binding.node'

npm manifest: 
  {
      "name": "monetiz-pay-dashboard",
      "version": "1.1.0",
      "description": "Dashboard",
      "main": "index.js",
      "repository": {
          "type": "git",
          "url": "git+https://MonetizPay@bitbucket.org/monetizpay/monetiz_dashboard.git"
      },
      "private": true,
      "scripts": {
          "start": "react-scripts start",
          "build": "react-scripts build",
          "test": "react-scripts test",
          "eject": "react-scripts eject",
          "install:clean": "rm -rf node_modules/ && rm -rf package-lock.json && npm install && npm start",
          "compile-sass": "node-sass src/assets/scss/argon-dashboard-react.scss src/assets/css/argon-dashboard-react.css",
          "minify-sass": "node-sass src/assets/scss/argon-dashboard-react.scss src/assets/css/argon-dashboard-react.min.css --output-style compressed",
          "map-sass": "node-sass src/assets/scss/argon-dashboard-react.scss src/assets/css/argon-dashboard-react.css --source-map true"
      },
      "eslintConfig": {
          "extends": "react-app"
      },
      "browserslist": [
          ">0.2%",
          "not dead",
          "not ie <= 11",
          "not op_mini all"
      ],
      "dependencies": {
          "@fortawesome/fontawesome-free": "5.12.1",
          "axios": "^0.19.2",
          "chart.js": "2.9.3",
          "classnames": "2.2.6",
          "cpf-cnpj-validator": "^1.0.3",
          "date-fns": "^2.16.1",
          "moment": "2.24.0",
          "node-sass": "4.13.1",
          "nouislider": "14.1.1",
          "prop-types": "^15.7.2",
          "react": "16.12.0",
          "react-bootstrap-table-next": "^4.0.3",
          "react-chartjs-2": "2.9.0",
          "react-copy-to-clipboard": "5.0.2",
          "react-datetime": "2.16.3",
          "react-dom": "16.12.0",
          "react-google-maps": "9.4.5",
          "react-hook-form": "^6.9.5",
          "react-router-dom": "5.1.2",
          "react-scripts": "^3.4.1",
          "react-toastify": "^6.0.8",
          "reactstrap": "8.4.1",
          "swr": "^0.3.6"
      },
      "devDependencies": {
          "@types/googlemaps": "3.39.2",
          "@types/markerclustererplus": "2.1.33",
          "@types/react": "16.9.19",
          "eslint-plugin-flowtype": "3.13.0",
          "gulp": "4.0.2",
          "gulp-append-prepend": "1.0.8",
          "typescript": "3.7.5"
      }
  }

yarn manifest: 
  No manifest

Lockfile: 
  No lockfile
